<?xml version="1.0" encoding="UTF-8"?>
<testng-results skipped="0" failed="0" ignored="0" total="1" passed="1">
  <reporter-output>
  </reporter-output>
  <suite name="Default suite" duration-ms="31" started-at="2019-02-26T01:33:41Z" finished-at="2019-02-26T01:33:41Z">
    <groups>
    </groups>
    <test name="Default test" duration-ms="31" started-at="2019-02-26T01:33:41Z" finished-at="2019-02-26T01:33:41Z">
      <class name="com.test.one.TestHelloWorld">
        <test-method status="PASS" signature="testEmailGenerator()[pri:0, instance:com.test.one.TestHelloWorld@5034c75a]" name="testEmailGenerator" duration-ms="9" started-at="2019-02-26T01:33:41Z" finished-at="2019-02-26T01:33:41Z">
          <reporter-output>
          </reporter-output>
        </test-method> <!-- testEmailGenerator -->
      </class> <!-- com.test.one.TestHelloWorld -->
    </test> <!-- Default test -->
  </suite> <!-- Default suite -->
</testng-results>
